<?xml version="1.0" encoding="UTF-8"?>
<testng-results ignored="0" total="1" passed="1" failed="0" skipped="0">
  <reporter-output>
    <line>
      <![CDATA[database connection]]>
    </line>
    <line>
      <![CDATA[browser launch successfully]]>
    </line>
    <line>
      <![CDATA[logged in successfully]]>
    </line>
    <line>
      <![CDATA[assertion pass]]>
    </line>
    <line>
      <![CDATA[logged out successfully]]>
    </line>
    <line>
      <![CDATA[browser closed successfully]]>
    </line>
    <line>
      <![CDATA[database disconnected]]>
    </line>
  </reporter-output>
  <suite started-at="2023-02-22T08:58:19 IST" name="Default suite" finished-at="2023-02-22T08:59:02 IST" duration-ms="43179">
    <groups>
    </groups>
    <test started-at="2023-02-22T08:58:19 IST" name="Default test" finished-at="2023-02-22T08:59:02 IST" duration-ms="43179">
      <class name="com.Actitime.Testscript.CreatCustomer">
        <test-method is-config="true" signature="databaseconnection()[pri:0, instance:com.Actitime.Testscript.CreatCustomer@2b91004a]" started-at="2023-02-22T08:58:19 IST" name="databaseconnection" finished-at="2023-02-22T08:58:19 IST" duration-ms="6" status="PASS">
          <reporter-output>
            <line>
              <![CDATA[database connection]]>
            </line>
          </reporter-output>
        </test-method> <!-- databaseconnection -->
        <test-method is-config="true" signature="launchBrowser()[pri:0, instance:com.Actitime.Testscript.CreatCustomer@2b91004a]" started-at="2023-02-22T08:58:19 IST" name="launchBrowser" finished-at="2023-02-22T08:58:39 IST" duration-ms="20476" status="PASS">
          <reporter-output>
            <line>
              <![CDATA[browser launch successfully]]>
            </line>
          </reporter-output>
        </test-method> <!-- launchBrowser -->
        <test-method is-config="true" signature="loginToActitime()[pri:0, instance:com.Actitime.Testscript.CreatCustomer@2b91004a]" started-at="2023-02-22T08:58:39 IST" name="loginToActitime" finished-at="2023-02-22T08:58:39 IST" duration-ms="217" status="PASS">
          <reporter-output>
            <line>
              <![CDATA[logged in successfully]]>
            </line>
          </reporter-output>
        </test-method> <!-- loginToActitime -->
        <test-method signature="createCustomer()[pri:0, instance:com.Actitime.Testscript.CreatCustomer@2b91004a]" started-at="2023-02-22T08:58:39 IST" name="createCustomer" finished-at="2023-02-22T08:58:54 IST" duration-ms="14315" status="PASS">
          <reporter-output>
            <line>
              <![CDATA[assertion pass]]>
            </line>
          </reporter-output>
        </test-method> <!-- createCustomer -->
        <test-method is-config="true" signature="logoutFromActitime()[pri:0, instance:com.Actitime.Testscript.CreatCustomer@2b91004a]" started-at="2023-02-22T08:58:54 IST" name="logoutFromActitime" finished-at="2023-02-22T08:59:02 IST" duration-ms="7886" status="PASS">
          <reporter-output>
            <line>
              <![CDATA[logged out successfully]]>
            </line>
          </reporter-output>
        </test-method> <!-- logoutFromActitime -->
        <test-method is-config="true" signature="closeBrowser()[pri:0, instance:com.Actitime.Testscript.CreatCustomer@2b91004a]" started-at="2023-02-22T08:59:02 IST" name="closeBrowser" finished-at="2023-02-22T08:59:02 IST" duration-ms="266" status="PASS">
          <reporter-output>
            <line>
              <![CDATA[browser closed successfully]]>
            </line>
          </reporter-output>
        </test-method> <!-- closeBrowser -->
        <test-method is-config="true" signature="databasedisconnection()[pri:0, instance:com.Actitime.Testscript.CreatCustomer@2b91004a]" started-at="2023-02-22T08:59:02 IST" name="databasedisconnection" finished-at="2023-02-22T08:59:02 IST" duration-ms="0" status="PASS">
          <reporter-output>
            <line>
              <![CDATA[database disconnected]]>
            </line>
          </reporter-output>
        </test-method> <!-- databasedisconnection -->
      </class> <!-- com.Actitime.Testscript.CreatCustomer -->
    </test> <!-- Default test -->
  </suite> <!-- Default suite -->
</testng-results>
